[debug] [2022-05-04T11:56:43.986Z] ----------------------------------------------------------------------
[debug] [2022-05-04T11:56:43.988Z] Command:       C:\Program Files\nodejs\node.exe C:\Users\Pablo1\AppData\Roaming\npm\node_modules\firebase-tools\lib\bin\firebase.js init
[debug] [2022-05-04T11:56:43.988Z] CLI Version:   10.7.2
[debug] [2022-05-04T11:56:43.989Z] Platform:      win32
[debug] [2022-05-04T11:56:43.989Z] Node Version:  v16.14.2
[debug] [2022-05-04T11:56:43.990Z] Time:          Wed May 04 2022 12:56:43 GMT+0100 (hora de verano de Europa occidental)
[debug] [2022-05-04T11:56:43.990Z] ----------------------------------------------------------------------
[debug] 
[debug] [2022-05-04T11:56:44.000Z] > command requires scopes: ["email","openid","https://www.googleapis.com/auth/cloudplatformprojects.readonly","https://www.googleapis.com/auth/firebase","https://www.googleapis.com/auth/cloud-platform"]
[debug] [2022-05-04T11:56:44.000Z] > authorizing via signed-in user (alu0100817515@ull.edu.es)
[info] 
     ######## #### ########  ######## ########     ###     ######  ########
     ##        ##  ##     ## ##       ##     ##  ##   ##  ##       ##
     ######    ##  ########  ######   ########  #########  ######  ######
     ##        ##  ##    ##  ##       ##     ## ##     ##       ## ##
     ##       #### ##     ## ######## ########  ##     ##  ######  ########

You're about to initialize a Firebase project in this directory:

  C:\Users\Pablo1\Documents\GitHub\UyA\Prototipo web

[info] 
=== Project Setup
[info] 
[info] First, let's associate this project directory with a Firebase project.
[info] You can create multiple project aliases by running firebase use --add, 
[info] but for now we'll just set up a default project.
[info] 
[info] i  If you want to create a project in a Google Cloud organization or folder, please use "firebase projects:create" instead, and return to this command when you've created the project. 
[debug] [2022-05-04T11:57:51.183Z] ----------------------------------------------------------------------
[debug] [2022-05-04T11:57:51.185Z] Command:       C:\Program Files\nodejs\node.exe C:\Users\Pablo1\AppData\Roaming\npm\node_modules\firebase-tools\lib\bin\firebase.js init
[debug] [2022-05-04T11:57:51.185Z] CLI Version:   10.7.2
[debug] [2022-05-04T11:57:51.186Z] Platform:      win32
[debug] [2022-05-04T11:57:51.186Z] Node Version:  v16.14.2
[debug] [2022-05-04T11:57:51.187Z] Time:          Wed May 04 2022 12:57:51 GMT+0100 (hora de verano de Europa occidental)
[debug] [2022-05-04T11:57:51.187Z] ----------------------------------------------------------------------
[debug] 
[debug] [2022-05-04T11:57:51.196Z] > command requires scopes: ["email","openid","https://www.googleapis.com/auth/cloudplatformprojects.readonly","https://www.googleapis.com/auth/firebase","https://www.googleapis.com/auth/cloud-platform"]
[debug] [2022-05-04T11:57:51.197Z] > authorizing via signed-in user (alu0100817515@ull.edu.es)
[info] 
     ######## #### ########  ######## ########     ###     ######  ########
     ##        ##  ##     ## ##       ##     ##  ##   ##  ##       ##
     ######    ##  ########  ######   ########  #########  ######  ######
     ##        ##  ##    ##  ##       ##     ## ##     ##       ## ##
     ##       #### ##     ## ######## ########  ##     ##  ######  ########

You're about to initialize a Firebase project in this directory:

  C:\Users\Pablo1\Documents\GitHub\UyA\Prototipo web

[info] 
=== Project Setup
[info] 
[info] First, let's associate this project directory with a Firebase project.
[info] You can create multiple project aliases by running firebase use --add, 
[info] but for now we'll just set up a default project.
[info] 
[debug] [2022-05-04T11:58:00.456Z] > refreshing access token with scopes: []
[debug] [2022-05-04T11:58:00.457Z] >>> HTTP REQUEST POST https://www.googleapis.com/oauth2/v3/token  
 <request body omitted>
[debug] [2022-05-04T11:58:00.661Z] <<< HTTP RESPONSE 200 {"cache-control":"no-cache, no-store, max-age=0, must-revalidate","date":"Wed, 04 May 2022 11:58:00 GMT","pragma":"no-cache","expires":"Mon, 01 Jan 1990 00:00:00 GMT","content-type":"application/json; charset=utf-8","vary":"X-Origin, Referer, Origin,Accept-Encoding","server":"scaffolding on HTTPServer2","x-xss-protection":"0","x-frame-options":"SAMEORIGIN","x-content-type-options":"nosniff","alt-svc":"h3=\":443\"; ma=2592000,h3-29=\":443\"; ma=2592000,h3-Q050=\":443\"; ma=2592000,h3-Q046=\":443\"; ma=2592000,h3-Q043=\":443\"; ma=2592000,quic=\":443\"; ma=2592000; v=\"46,43\"","accept-ranges":"none","transfer-encoding":"chunked"}
[debug] [2022-05-04T11:58:00.764Z] >>> [apiv2][query] GET https://firebase.googleapis.com/v1beta1/projects pageSize=100
[debug] [2022-05-04T11:58:01.449Z] <<< [apiv2][status] GET https://firebase.googleapis.com/v1beta1/projects 200
[debug] [2022-05-04T11:58:01.449Z] <<< [apiv2][body] GET https://firebase.googleapis.com/v1beta1/projects [omitted]
[info] i  Using project electronicasl-e1ebc (ElectronicaSL) 
[info] 
=== Hosting Setup
[info] 
[info] Your public directory is the folder (relative to your project directory) that
[info] will contain Hosting assets to be uploaded with firebase deploy. If you
[info] have a build process for your assets, use your build's output directory.
[info] 
[debug] [2022-05-04T11:58:34.648Z] >>> [apiv2][query] GET https://www.gstatic.com/firebasejs/releases.json [none]
[debug] [2022-05-04T11:58:34.815Z] <<< [apiv2][status] GET https://www.gstatic.com/firebasejs/releases.json 200
[debug] [2022-05-04T11:58:34.815Z] <<< [apiv2][body] GET https://www.gstatic.com/firebasejs/releases.json {"current":{"version":"9.7.0","browserURL":"https://www.gstatic.com/firebasejs/9.7.0/firebase.js","packageURL":"https://www.gstatic.com/firebasejs/9.7.0/firebase.tgz"},"live":{"version":"9.7","browserURL":"https://www.gstatic.com/firebasejs/live/9.7/firebase.js","packageURL":"https://www.gstatic.com/firebasejs/live/9.7/firebase.tgz"},"components":{"analytics":"https://www.gstatic.com/firebasejs/9.7.0/firebase-analytics.js","app":"https://www.gstatic.com/firebasejs/9.7.0/firebase-app.js","app-check":"https://www.gstatic.com/firebasejs/9.7.0/firebase-app-check.js","auth":"https://www.gstatic.com/firebasejs/9.7.0/firebase-auth.js","auth/cordova":"https://www.gstatic.com/firebasejs/9.7.0/firebase-auth/cordova.js","auth/react-native":"https://www.gstatic.com/firebasejs/9.7.0/firebase-auth/react-native.js","functions":"https://www.gstatic.com/firebasejs/9.7.0/firebase-functions.js","firestore":"https://www.gstatic.com/firebasejs/9.7.0/firebase-firestore.js","firestore/lite":"https://www.gstatic.com/firebasejs/9.7.0/firebase-firestore/lite.js","storage":"https://www.gstatic.com/firebasejs/9.7.0/firebase-storage.js","performance":"https://www.gstatic.com/firebasejs/9.7.0/firebase-performance.js","remote-config":"https://www.gstatic.com/firebasejs/9.7.0/firebase-remote-config.js","messaging":"https://www.gstatic.com/firebasejs/9.7.0/firebase-messaging.js","messaging/sw":"https://www.gstatic.com/firebasejs/9.7.0/firebase-messaging/sw.js","database":"https://www.gstatic.com/firebasejs/9.7.0/firebase-database.js","firestore.memory":"https://www.gstatic.com/firebasejs/9.7.0/firebase-firestore.memory.js"}}
[info] +  Wrote public/index.html 
[info] 
[info] i  Detected a .git folder at C:\Users\Pablo1\Documents\GitHub\UyA 
[info] i  Authorizing with GitHub to upload your service account to a GitHub repository's secrets store. 
[info] 
[info] Visit this URL on this device to log in:
[info] https://github.com/login/oauth/authorize?client_id=89cf50f02ac6aaed3484&state=8526009&redirect_uri=http%3A%2F%2Flocalhost%3A9005&scope=read%3Auser%20repo%20public_repo
[info] 
[info] Waiting for authentication...
[debug] [2022-05-04T11:58:57.984Z] >>> HTTP REQUEST POST https://github.com/login/oauth/access_token  
 {"client_id":"89cf50f02ac6aaed3484","client_secret":"3330d14abc895d9a74d5f17cd7a00711fa2c5bf0","code":"e44323ee5524f4152e9d","redirect_uri":"http://localhost:9005","state":"8526009"}
[debug] [2022-05-04T11:58:58.759Z] <<< HTTP RESPONSE 200 {"server":"GitHub.com","date":"Wed, 04 May 2022 11:58:58 GMT","content-type":"application/json; charset=utf-8","transfer-encoding":"chunked","vary":"X-PJAX, X-PJAX-Container, Accept-Encoding, Accept, X-Requested-With","permissions-policy":"interest-cohort=()","etag":"W/\"c4d5f758877d18e1bae697f17fa44ff4\"","cache-control":"max-age=0, private, must-revalidate","strict-transport-security":"max-age=31536000; includeSubdomains; preload","x-frame-options":"deny","x-content-type-options":"nosniff","x-xss-protection":"0","referrer-policy":"origin-when-cross-origin, strict-origin-when-cross-origin","expect-ct":"max-age=2592000, report-uri=\"https://api.github.com/_private/browser/errors\"","content-security-policy":"default-src 'none'; base-uri 'self'; block-all-mixed-content; child-src github.com/assets-cdn/worker/ gist.github.com/assets-cdn/worker/; connect-src 'self' uploads.github.com objects-origin.githubusercontent.com www.githubstatus.com collector.github.com raw.githubusercontent.com api.github.com github-cloud.s3.amazonaws.com github-production-repository-file-5c1aeb.s3.amazonaws.com github-production-upload-manifest-file-7fdce7.s3.amazonaws.com github-production-user-asset-6210df.s3.amazonaws.com cdn.optimizely.com logx.optimizely.com/v1/events translator.github.com *.actions.githubusercontent.com wss://*.actions.githubusercontent.com online.visualstudio.com/api/v1/locations github-production-repository-image-32fea6.s3.amazonaws.com github-production-release-asset-2e65be.s3.amazonaws.com insights.github.com wss://alive.github.com; font-src github.githubassets.com; form-action 'self' github.com gist.github.com objects-origin.githubusercontent.com; frame-ancestors 'none'; frame-src render.githubusercontent.com viewscreen.githubusercontent.com notebooks.githubusercontent.com; img-src 'self' data: github.githubassets.com identicons.github.com github-cloud.s3.amazonaws.com secured-user-images.githubusercontent.com/ *.githubusercontent.com; manifest-src 'self'; media-src github.com user-images.githubusercontent.com/; script-src github.githubassets.com; style-src 'unsafe-inline' github.githubassets.com; worker-src github.com/assets-cdn/worker/ gist.github.com/assets-cdn/worker/","x-github-request-id":"DB24:6CE9:2454C6:2B6A5D:62726A82"}
[debug] [2022-05-04T11:58:58.766Z] >>> [apiv2][query] GET https://api.github.com/user [none]
[debug] [2022-05-04T11:58:59.180Z] <<< [apiv2][status] GET https://api.github.com/user 200
[debug] [2022-05-04T11:58:59.180Z] <<< [apiv2][body] GET https://api.github.com/user {"login":"PabloFerH","id":18212939,"node_id":"MDQ6VXNlcjE4MjEyOTM5","avatar_url":"https://avatars.githubusercontent.com/u/18212939?v=4","gravatar_id":"","url":"https://api.github.com/users/PabloFerH","html_url":"https://github.com/PabloFerH","followers_url":"https://api.github.com/users/PabloFerH/followers","following_url":"https://api.github.com/users/PabloFerH/following{/other_user}","gists_url":"https://api.github.com/users/PabloFerH/gists{/gist_id}","starred_url":"https://api.github.com/users/PabloFerH/starred{/owner}{/repo}","subscriptions_url":"https://api.github.com/users/PabloFerH/subscriptions","organizations_url":"https://api.github.com/users/PabloFerH/orgs","repos_url":"https://api.github.com/users/PabloFerH/repos","events_url":"https://api.github.com/users/PabloFerH/events{/privacy}","received_events_url":"https://api.github.com/users/PabloFerH/received_events","type":"User","site_admin":false,"name":"Pablo Fernández Herrera","company":"none","blog":"","location":null,"email":null,"hireable":null,"bio":null,"twitter_username":null,"public_repos":14,"public_gists":0,"followers":3,"following":7,"created_at":"2016-04-01T12:18:28Z","updated_at":"2022-05-04T11:58:48Z","private_gists":0,"total_private_repos":0,"owned_private_repos":0,"disk_usage":15894,"collaborators":0,"two_factor_authentication":false,"plan":{"name":"free","space":976562499,"collaborators":0,"private_repos":10000}}
[info] 
[info] +  Success! Logged into GitHub as PabloFerH 
[info] 
